{
  "RSpec": {
    "coverage": {
      "/home/rsung/Documents/ga_wdi/projects/ga_nlp_website/app/models/user.rb": [
        1,
        null,
        null,
        1,
        null,
        null,
        null,
        1,
        null,
        null,
        1,
        null,
        null
      ],
      "/home/rsung/Documents/ga_wdi/projects/ga_nlp_website/app/controllers/application_controller.rb": [
        1,
        1,
        null
      ],
      "/home/rsung/Documents/ga_wdi/projects/ga_nlp_website/app/helpers/application_helper.rb": [
        1,
        null
      ],
      "/home/rsung/Documents/ga_wdi/projects/ga_nlp_website/app/controllers/classifications_controller.rb": [
        1,
        null,
        1,
        0,
        null,
        0,
        0,
        null,
        null,
        0,
        0,
        null,
        0,
        0,
        null,
        0,
        0,
        null,
        null,
        null,
        0,
        0,
        0,
        0,
        0,
        null,
        null,
        0,
        null,
        null,
        1,
        0,
        null,
        0,
        0,
        null,
        0,
        null,
        null
      ],
      "/home/rsung/Documents/ga_wdi/projects/ga_nlp_website/app/models/classification.rb": [
        1,
        1,
        null,
        1,
        null
      ],
      "/home/rsung/Documents/ga_wdi/projects/ga_nlp_website/app/controllers/home_controller.rb": [
        1,
        null,
        1,
        null,
        0,
        0,
        0,
        null,
        0,
        null,
        null,
        0,
        null,
        null,
        null,
        1,
        null,
        null,
        null,
        1,
        null,
        null,
        null,
        null
      ],
      "/home/rsung/Documents/ga_wdi/projects/ga_nlp_website/app/controllers/text_entries_controller.rb": [
        1,
        null,
        1,
        null,
        1,
        4,
        null,
        null,
        1,
        null,
        null,
        null,
        1,
        null,
        0,
        0,
        0,
        null,
        0,
        0,
        0,
        0,
        0,
        null,
        null,
        0,
        null,
        0,
        null,
        null,
        0,
        0,
        null,
        0,
        null,
        null,
        1,
        2,
        null,
        null,
        1,
        1,
        null,
        null,
        null,
        1,
        1,
        1,
        1,
        1,
        1,
        null,
        1,
        1,
        null,
        1,
        null,
        null,
        1,
        2,
        2,
        null,
        2,
        null,
        2,
        null,
        null,
        null
      ],
      "/home/rsung/Documents/ga_wdi/projects/ga_nlp_website/app/models/text_entry.rb": [
        null,
        1,
        1,
        null,
        1,
        1,
        null,
        null
      ],
      "/home/rsung/Documents/ga_wdi/projects/ga_nlp_website/app/controllers/users_controller.rb": [
        1,
        null,
        1,
        0,
        null,
        null,
        null
      ]
    },
    "timestamp": 1389887356
  }
}
